<?xml version="1.0" encoding="UTF-8" ?>
<testsuite tests="1" failures="0" name="Tests.ArticleTests" time="36.575" errors="1" skipped="0">
  <properties>
[...]
</properties>
  <testcase classname="Tests.ArticleTests" name="testAssertElement" time="36.575">
    <error message="Expected condition failed: Cannot find and click search init element
 (tried for 15 second(s) with 500 milliseconds interval)" type="org.openqa.selenium.TimeoutException">org.openqa.selenium.TimeoutException: Expected condition failed: Cannot find and click search init element
 (tried for 15 second(s) with 500 milliseconds interval)
	at org.openqa.selenium.support.ui.WebDriverWait.timeoutException(WebDriverWait.java:81)
	at org.openqa.selenium.support.ui.FluentWait.until(FluentWait.java:271)
	at lib.ui.MainPageObject.waitForElementPresent(MainPageObject.java:38)
	at lib.ui.MainPageObject.waitForElementAndClick(MainPageObject.java:76)
	at lib.ui.SearchPageObject.initSearchInput(SearchPageObject.java:30)
	at Tests.ArticleTests.testAssertElement(ArticleTests.java:17)
	at java.base/jdk.internal.reflect.NativeMethodAccessorImpl.invoke0(Native Method)
	at java.base/jdk.internal.reflect.NativeMethodAccessorImpl.invoke(NativeMethodAccessorImpl.java:77)
	at java.base/jdk.internal.reflect.DelegatingMethodAccessorImpl.invoke(DelegatingMethodAccessorImpl.java:43)
	at java.base/java.lang.reflect.Method.invoke(Method.java:568)
	at junit.framework.TestCase.runTest(TestCase.java:177)
	at junit.framework.TestCase.runBare(TestCase.java:142)
	at junit.framework.TestResult$1.protect(TestResult.java:122)
	at junit.framework.TestResult.runProtected(TestResult.java:142)
	at junit.framework.TestResult.run(TestResult.java:125)
	at junit.framework.TestCase.run(TestCase.java:130)
	at junit.framework.TestSuite.runTest(TestSuite.java:241)
	at junit.framework.TestSuite.run(TestSuite.java:236)
	at org.junit.internal.runners.JUnit38ClassRunner.run(JUnit38ClassRunner.java:90)
	at org.apache.maven.surefire.junit4.JUnit4Provider.execute(JUnit4Provider.java:242)
	at org.apache.maven.surefire.junit4.JUnit4Provider.executeTestSet(JUnit4Provider.java:137)
	at org.apache.maven.surefire.junit4.JUnit4Provider.invoke(JUnit4Provider.java:112)
	at java.base/jdk.internal.reflect.NativeMethodAccessorImpl.invoke0(Native Method)
	at java.base/jdk.internal.reflect.NativeMethodAccessorImpl.invoke(NativeMethodAccessorImpl.java:77)
	at java.base/jdk.internal.reflect.DelegatingMethodAccessorImpl.invoke(DelegatingMethodAccessorImpl.java:43)
	at java.base/java.lang.reflect.Method.invoke(Method.java:568)
	at org.apache.maven.surefire.util.ReflectionUtils.invokeMethodWithArray(ReflectionUtils.java:189)
	at org.apache.maven.surefire.booter.ProviderFactory$ProviderProxy.invoke(ProviderFactory.java:165)
	at org.apache.maven.surefire.booter.ProviderFactory.invokeProvider(ProviderFactory.java:85)
	at org.apache.maven.surefire.booter.ForkedBooter.runSuitesInProcess(ForkedBooter.java:115)
	at org.apache.maven.surefire.booter.ForkedBooter.main(ForkedBooter.java:75)
Caused by: org.openqa.selenium.NoSuchElementException: Cannot locate an element using By.xpath: //*[contains(@text, &apos;Search Wikipedia&apos;)]
For documentation on this error, please visit: http://seleniumhq.org/exceptions/no_such_element.html
Build info: version: &apos;3.12.0&apos;, revision: &apos;7c6e0b3&apos;, time: &apos;2018-05-08T14:04:26.12Z&apos;
System info: host: &apos;MacBook-Pro-sarsenali.local&apos;, ip: &apos;fe80:0:0:0:1c1c:dde4:c7e1:da49%en0&apos;, os.name: &apos;Mac OS X&apos;, os.arch: &apos;aarch64&apos;, os.version: &apos;12.1&apos;, java.version: &apos;17.0.1&apos;
Driver info: driver.version: unknown
	at org.openqa.selenium.support.ui.ExpectedConditions.lambda$findElement$0(ExpectedConditions.java:896)
	at java.base/java.util.Optional.orElseThrow(Optional.java:403)
	at org.openqa.selenium.support.ui.ExpectedConditions.findElement(ExpectedConditions.java:895)
	at org.openqa.selenium.support.ui.ExpectedConditions.access$000(ExpectedConditions.java:44)
	at org.openqa.selenium.support.ui.ExpectedConditions$6.apply(ExpectedConditions.java:183)
	at org.openqa.selenium.support.ui.ExpectedConditions$6.apply(ExpectedConditions.java:180)
	at org.openqa.selenium.support.ui.FluentWait.until(FluentWait.java:248)
	... 29 more
</error>
    <system-out>Method openWikiWebPageForMobileWeb() do nothing for platformandroid
locator is ://*[contains(@text, &apos;Search Wikipedia&apos;)]
</system-out>
    <system-err>февр. 04, 2022 4:43:58 PM io.appium.java_client.remote.AppiumCommandExecutor$1 lambda$0
INFO: Detected dialect: W3C
</system-err>
  </testcase>
</testsuite>